[2022-06-18 20:43:52] [31merror[39m  Usuario con id '9' -> Ingreso una contraseña no valida
[2022-06-18 20:47:38] [31merror[39m  Usuario con id '13' -> Ingreso una contraseña no valida
[2022-06-18 20:52:37] [32minfo[39m  Usuario con '13' autenticado  
[2022-06-18 23:04:16] [31merror[39m rdf5dextrxdrxdr@gmail.com*** Este correo no existe
[2022-06-18 23:04:51] [32minfo[39m  Usuario con id '1'*** autenticado  
[2022-06-18 23:05:38] [31merror[39m  Usuario no encontrado lkapodjSFGHqpfh@gmail.com
[2022-06-18 23:05:52] [31merror[39m  Usuario no encontrado lkapodjSFGHqpfh@gmail.com
[2022-06-20 13:32:57] [32minfo[39m  Nuevo usuario con id '16' 
[2022-06-20 13:34:57] [31merror[39m  Usuario con id '16'*** Ingreso una contraseña no valida
[2022-06-20 13:35:10] [31merror[39m  Usuario no encontrado asdsfwerwfsdf@gmail.com
[2022-06-20 13:35:44] [32minfo[39m  Nuevo usuario con id '17' 
[2022-06-20 13:39:15] [32minfo[39m  Nuevo usuario con id '19' 
[2022-06-20 18:01:41] [32minfo[39m  Usuario con id '9'*** autenticado  
[2022-06-21 12:13:52] [32minfo[39m  Usuario con id '1'*** autenticado  
[2022-06-21 12:16:33] [31merror[39m  Usuario con id '1'*** Ingreso una contraseña no valida
[2022-07-06 15:21:24] [32minfo[39m  Usuario con id '1'*** autenticado  
[2022-07-06 15:45:42] [32minfo[39m  Usuario con id '1'*** autenticado  
[2022-07-06 15:47:32] [32minfo[39m  Usuario con id '2'*** autenticado  
[2022-07-06 15:48:07] [32minfo[39m  Usuario con id '1'*** autenticado  
[2022-07-06 15:48:58] [32minfo[39m  Usuario con id '2'*** autenticado  
[2022-07-06 15:52:50] [32minfo[39m  Usuario con id '2'*** autenticado  
[2022-07-06 16:02:25] [32minfo[39m  Usuario con id '2'*** autenticado  
[2022-07-06 16:21:26] [32minfo[39m  Usuario con id '2'*** autenticado  
[2022-07-06 16:22:29] [32minfo[39m  Usuario con id '2'*** autenticado  
[2022-07-06 16:23:03] [32minfo[39m  Usuario con id '1'*** autenticado  
[2022-07-06 16:24:35] [32minfo[39m  Nuevo usuario con id '3' 
[2022-07-06 16:31:30] [32minfo[39m  Usuario con id '1'*** autenticado  
[2022-07-06 16:31:35] [32minfo[39m  Usuario con id '1'*** autenticado  
[2022-07-06 16:42:42] [32minfo[39m  Usuario con id '2'*** autenticado  
[2022-07-06 16:42:49] [32minfo[39m  Usuario con id '1'*** autenticado  
[2022-07-06 16:48:23] [32minfo[39m  Usuario con id '1'*** autenticado  
[2022-07-06 17:08:00] [32minfo[39m  Usuario con id '1'*** autenticado  
[2022-07-06 17:09:56] [32minfo[39m  Usuario con id '2'*** autenticado  
[2022-07-06 17:12:28] [32minfo[39m  Usuario con id '2'*** autenticado  
[2022-07-06 17:13:58] [32minfo[39m  Usuario con id '2'*** autenticado  
[2022-07-06 17:14:56] [32minfo[39m  Usuario con id '2'*** autenticado  
[2022-07-06 17:15:03] [32minfo[39m  Usuario con id '1'*** autenticado  
[2022-07-06 17:15:41] [32minfo[39m  Usuario con id '1'*** autenticado  
[2022-07-06 17:16:07] [32minfo[39m  Usuario con id '1'*** autenticado  
[2022-07-06 17:37:33] [32minfo[39m  Usuario con id '1'*** autenticado  
[2022-07-06 17:38:19] [32minfo[39m  Usuario con id '1'*** autenticado  
[2022-07-06 17:41:11] [32minfo[39m  Usuario con id '1'*** autenticado  
[2022-07-06 17:44:42] [32minfo[39m  Usuario con id '1'*** autenticado  
[2022-07-06 17:52:46] [32minfo[39m  Usuario con id '1'*** autenticado  
[2022-07-06 18:02:27] [32minfo[39m  Usuario con id '1'*** autenticado  
[2022-07-06 22:25:47] [32minfo[39m  Usuario con id '1'*** autenticado  
[2022-07-06 22:26:34] [32minfo[39m  Usuario con id '2'*** autenticado  
[2022-07-07 00:31:51] [32minfo[39m  Nuevo usuario con id '1' 
[2022-07-07 00:46:16] [32minfo[39m  Nuevo usuario con id '1' 
[2022-07-07 00:48:06] [32minfo[39m  Nuevo usuario con id '2' 
[2022-07-07 00:48:57] [31merror[39m  Usuario no encontrado ale@gmail.com
[2022-07-07 00:49:14] [32minfo[39m  Usuario con id '2'*** autenticado  
[2022-07-07 00:54:57] [32minfo[39m  Usuario con id '1'*** autenticado  
[2022-07-07 00:58:39] [32minfo[39m  Usuario con id '1'*** autenticado  
[2022-07-07 01:00:01] [32minfo[39m  Usuario con id '1'*** autenticado  
[2022-07-07 08:36:05] [32minfo[39m  Usuario con id '1'*** autenticado  
[2022-07-07 08:52:30] [32minfo[39m  Usuario con id '1'*** autenticado  
[2022-07-07 09:08:36] [32minfo[39m  Usuario con id '1'*** autenticado  
[2022-07-07 09:31:50] [32minfo[39m  Usuario con id '1'*** autenticado  
[2022-07-07 09:32:00] [32minfo[39m  Usuario con id '1'*** autenticado  
[2022-07-07 09:32:19] [32minfo[39m  Usuario con id '1'*** autenticado  
[2022-07-07 09:36:50] [32minfo[39m  Usuario con id '1'*** autenticado  
[2022-07-07 09:37:14] [32minfo[39m  Usuario con id '1'*** autenticado  
[2022-07-07 09:38:08] [32minfo[39m  Usuario con id '1'*** autenticado  
[2022-07-07 10:01:34] [32minfo[39m  Usuario con id '1'*** autenticado  
[2022-07-07 10:05:13] [32minfo[39m  Nuevo usuario con id '4' 
[2022-07-07 11:31:16] [32minfo[39m  Usuario con id '1'*** autenticado  
[2022-07-07 12:12:45] [32minfo[39m  Usuario con id '1'*** autenticado  
[2022-07-07 12:13:56] [32minfo[39m  Usuario con id '1'*** autenticado  
[2022-07-07 12:15:15] [32minfo[39m  Usuario con id '1'*** autenticado  
[2022-07-07 12:16:37] [32minfo[39m  Usuario con id '1'*** autenticado  
[2022-07-07 12:17:54] [32minfo[39m  Usuario con id '1'*** autenticado  
[2022-07-07 12:20:19] [32minfo[39m  Usuario con id '1'*** autenticado  
[2022-07-07 12:32:29] [32minfo[39m  Usuario con id '1'*** autenticado  
[2022-07-07 12:33:01] [32minfo[39m  Usuario con id '1'*** autenticado  
[2022-07-07 12:35:11] [32minfo[39m  Usuario con id '1'*** autenticado  
[2022-07-07 12:43:13] [32minfo[39m  Usuario con id '1'*** autenticado  
[2022-07-07 12:44:06] [32minfo[39m  Usuario con id '1'*** autenticado  
[2022-07-07 12:45:24] [32minfo[39m  Usuario con id '1'*** autenticado  
[2022-07-07 12:46:20] [32minfo[39m  Usuario con id '1'*** autenticado  
[2022-07-07 12:47:44] [32minfo[39m  Usuario con id '1'*** autenticado  
[2022-07-07 12:49:39] [32minfo[39m  Usuario con id '1'*** autenticado  
[2022-07-07 12:49:44] [32minfo[39m  Usuario con id '1'*** autenticado  
[2022-07-07 12:50:51] [32minfo[39m  Usuario con id '1'*** autenticado  
[2022-07-07 12:51:21] [32minfo[39m  Usuario con id '1'*** autenticado  
[2022-07-07 13:03:14] [32minfo[39m  Usuario con id '1'*** autenticado  
[2022-07-07 13:07:55] [32minfo[39m  Usuario con id '1'*** autenticado  
[2022-07-07 13:14:47] [32minfo[39m  Usuario con id '1'*** autenticado  
[2022-07-07 13:20:18] [32minfo[39m  Usuario con id '1'*** autenticado  
[2022-07-07 13:21:13] [32minfo[39m  Usuario con id '1'*** autenticado  
[2022-07-07 13:25:15] [32minfo[39m  Usuario con id '2'*** autenticado  
[2022-07-07 13:34:00] [32minfo[39m  Usuario con id '2'*** autenticado  
[2022-07-07 15:03:46] [32minfo[39m  Usuario con id '2'*** autenticado  
[2022-07-07 15:07:47] [32minfo[39m  Usuario con id '2'*** autenticado  
[2022-07-07 15:10:56] [32minfo[39m  Usuario con id '1'*** autenticado  
[2022-07-07 15:13:14] [32minfo[39m  Usuario con id '2'*** autenticado  
[2022-07-07 16:05:50] [32minfo[39m  Nuevo usuario con id '1' 
[2022-07-07 16:06:07] [32minfo[39m  Nuevo usuario con id '2' 
[2022-07-07 16:09:31] [32minfo[39m  Nuevo usuario con id '3' 
[2022-07-07 16:13:20] [32minfo[39m  Nuevo usuario con id '1' 
[2022-07-07 16:17:14] [31merror[39m  Usuario no encontrado as@rtp.cdmx.gob.mx
[2022-07-07 16:17:42] [32minfo[39m  Usuario con id '1'*** autenticado  
[2022-07-07 16:20:19] [32minfo[39m  Nuevo usuario con id '4' 
[2022-07-07 16:20:23] [32minfo[39m  Nuevo usuario con id '5' 
[2022-07-07 16:43:05] [32minfo[39m  Nuevo usuario con id '1' 
[2022-07-07 16:44:31] [32minfo[39m  Usuario con id '1'*** autenticado  
[2022-07-07 16:50:38] [32minfo[39m  Usuario con id '1'*** autenticado  
[2022-07-07 16:55:48] [32minfo[39m  Usuario con id '1'*** autenticado  
[2022-07-07 17:08:19] [32minfo[39m  Nuevo usuario con id '6' 
[2022-07-07 17:17:14] [32minfo[39m  Nuevo usuario con id '7' 
[2022-07-07 17:17:24] [32minfo[39m  Usuario con id '7'*** autenticado  
[2022-07-07 17:17:39] [32minfo[39m  Usuario con id '7'*** autenticado  
[2022-07-07 17:18:27] [32minfo[39m  Usuario con id '7'*** autenticado  
[2022-07-07 17:18:38] [32minfo[39m  Usuario con id '1'*** autenticado  
[2022-07-07 17:19:39] [32minfo[39m  Usuario con id '1'*** autenticado  
[2022-07-07 17:19:42] [32minfo[39m  Usuario con id '1'*** autenticado  
[2022-07-07 17:20:02] [31merror[39m  Usuario no encontrado safdgsdvfd@gmail.com
[2022-07-07 17:23:52] [32minfo[39m  Nuevo usuario con id '1' 
[2022-07-07 17:24:09] [32minfo[39m  Nuevo usuario con id '2' 
[2022-07-07 17:24:32] [32minfo[39m  Usuario con id '1'*** autenticado  
[2022-07-07 17:33:15] [32minfo[39m  Usuario con id '1'*** autenticado  
[2022-07-07 23:30:48] [32minfo[39m  Nuevo usuario con id '3' 
[2022-07-08 11:16:20] [32minfo[39m  Usuario con id '1'*** autenticado  
[2022-07-08 12:16:12] [32minfo[39m  Usuario con id '1'*** autenticado  
[2022-07-08 12:21:40] [32minfo[39m  Usuario con id '2'*** autenticado  
[2022-07-08 12:24:05] [32minfo[39m  Usuario con id '1'*** autenticado  
[2022-07-08 12:31:48] [32minfo[39m  Usuario con id '1'*** autenticado  
[2022-07-08 12:32:24] [32minfo[39m  Usuario con id '2'*** autenticado  
[2022-07-08 12:48:52] [32minfo[39m  Usuario con id '1'*** autenticado  
[2022-07-08 20:36:26] [32minfo[39m  Usuario con id '1'*** autenticado  
[2022-07-08 20:42:40] [32minfo[39m  Usuario con id '1'*** autenticado  
[2022-07-08 21:05:08] [32minfo[39m  Usuario con id '1'*** autenticado  
[2022-07-08 23:52:33] [32minfo[39m  Usuario con id '1'*** autenticado  
[2022-07-09 00:01:03] [32minfo[39m  Usuario con id '1'*** autenticado  
[2022-07-09 00:01:37] [32minfo[39m  Usuario con id '3'*** autenticado  
[2022-07-09 00:01:46] [32minfo[39m  Usuario con id '3'*** autenticado  
[2022-07-09 00:02:16] [32minfo[39m  Usuario con id '1'*** autenticado  
[2022-07-09 00:14:58] [32minfo[39m  Usuario con id '1'*** autenticado  
[2022-07-09 01:05:43] [32minfo[39m  Usuario con id '1'*** autenticado  
[2022-07-09 01:28:39] [32minfo[39m  Usuario con id '1'*** autenticado  
[2022-07-09 01:41:53] [32minfo[39m  Usuario con id '2'*** autenticado  
[2022-07-09 01:42:17] [32minfo[39m  Usuario con id '1'*** autenticado  
[2022-07-09 01:56:27] [32minfo[39m  Usuario con id '1'*** autenticado  
[2022-07-09 02:21:03] [32minfo[39m  Usuario con id '2'*** autenticado  
[2022-07-09 02:21:26] [32minfo[39m  Usuario con id '1'*** autenticado  
[2022-07-09 02:22:18] [32minfo[39m  Usuario con id '3'*** autenticado  
[2022-07-09 02:22:38] [32minfo[39m  Usuario con id '1'*** autenticado  
[2022-07-09 02:28:11] [32minfo[39m  Usuario con id '1'*** autenticado  
[2022-07-09 02:29:55] [32minfo[39m  Usuario con id '2'*** autenticado  
[2022-07-09 02:30:09] [32minfo[39m  Usuario con id '1'*** autenticado  
[2022-07-09 02:46:26] [32minfo[39m  Usuario con id '1'*** autenticado  
[2022-07-09 02:46:29] [32minfo[39m  Usuario con id '1'*** autenticado  
[2022-07-09 02:47:02] [32minfo[39m  Usuario con id '2'*** autenticado  
[2022-07-09 02:51:29] [32minfo[39m  Usuario con id '1'*** autenticado  
[2022-07-09 02:51:40] [32minfo[39m  Usuario con id '1'*** autenticado  
[2022-07-09 13:01:34] [32minfo[39m  Usuario con id '1'*** autenticado  
[2022-07-09 13:02:59] [32minfo[39m  Usuario con id '3'*** autenticado  
[2022-07-09 13:20:04] [32minfo[39m  Usuario con id '1'*** autenticado  
[2022-07-09 13:41:12] [32minfo[39m  Usuario con id '2'*** autenticado  
[2022-07-09 13:41:34] [32minfo[39m  Usuario con id '1'*** autenticado  
[2022-07-09 17:25:50] [32minfo[39m  Nuevo usuario con id '1' 
[2022-07-09 17:37:48] [31merror[39m  Usuario no encontrado mijimenez@rtp.cdmx.gob.mx
[2022-07-09 17:38:03] [31merror[39m  Usuario con id '1'*** Ingreso una contraseña no valida
[2022-07-09 17:38:12] [32minfo[39m  Usuario con id '1'*** autenticado  
[2022-07-09 17:53:31] [32minfo[39m  Usuario con id '2'*** autenticado  
[2022-07-09 18:09:39] [31merror[39m  Usuario no encontrado mijimenez@rtp.cdmx.gob.mx
[2022-07-09 18:10:02] [32minfo[39m  Usuario con id '1'*** autenticado  
[2022-07-09 18:29:03] [32minfo[39m  Usuario con id '2'*** autenticado  
